Using pre-set license
Built from '2020.3/staging' branch; Version is '2020.3.35f1 (18e4db7a9996) revision 1631451'; Using compiler version '192528614'; Build Type 'Release'
OS: 'Windows 11  (10.0.22000) 64bit CoreSingleLanguage' Language: 'ru' Physical Memory: 8036 MB
BatchMode: 1, IsHumanControllingUs: 0, StartBugReporterOnCrash: 0, Is64bit: 1, IsPro: 0

COMMAND LINE ARGUMENTS:
C:\Program Files\Unity\Hub\Editor\2020.3.35f1\Editor\Unity.exe
-adb2
-batchMode
-noUpm
-name
AssetImportWorker0
-projectPath
C:/Unity/Project/Pacman-game
-logFile
Logs/AssetImportWorker0.log
-srvPort
55018
Successfully changed project path to: C:/Unity/Project/Pacman-game
C:/Unity/Project/Pacman-game
Using Asset Import Pipeline V2.
Refreshing native plugins compatible for Editor in 92.54 ms, found 3 plugins.
Preloading 0 native plugins for Editor in 0.00 ms.
Initialize engine version: 2020.3.35f1 (18e4db7a9996)
[Subsystems] Discovering subsystems at path C:/Program Files/Unity/Hub/Editor/2020.3.35f1/Editor/Data/Resources/UnitySubsystems
[Subsystems] Discovering subsystems at path C:/Unity/Project/Pacman-game/Assets
GfxDevice: creating device client; threaded=0
Direct3D:
    Version:  Direct3D 11.0 [level 11.1]
    Renderer: NVIDIA GeForce GTX 1050 Ti (ID=0x1c8f)
    Vendor:   
    VRAM:     4021 MB
    Driver:   31.0.15.1640
Initialize mono
Mono path[0] = 'C:/Program Files/Unity/Hub/Editor/2020.3.35f1/Editor/Data/Managed'
Mono path[1] = 'C:/Program Files/Unity/Hub/Editor/2020.3.35f1/Editor/Data/MonoBleedingEdge/lib/mono/unityjit'
Mono config path = 'C:/Program Files/Unity/Hub/Editor/2020.3.35f1/Editor/Data/MonoBleedingEdge/etc'
Using monoOptions --debugger-agent=transport=dt_socket,embedding=1,server=y,suspend=n,address=127.0.0.1:56360
Begin MonoManager ReloadAssembly
Registering precompiled unity dll's ...
Register platform support module: C:/Program Files/Unity/Hub/Editor/2020.3.35f1/Editor/Data/PlaybackEngines/WindowsStandaloneSupport/UnityEditor.WindowsStandalone.Extensions.dll
Registered in 0.001614 seconds.
Native extension for WindowsStandalone target not found
Refreshing native plugins compatible for Editor in 71.13 ms, found 3 plugins.
Preloading 0 native plugins for Editor in 0.00 ms.
Mono: successfully reloaded assembly
- Completed reload, in  0.606 seconds
Domain Reload Profiling:
	ReloadAssembly (606ms)
		BeginReloadAssembly (62ms)
			ExecutionOrderSort (0ms)
			DisableScriptedObjects (0ms)
			BackupInstance (0ms)
			ReleaseScriptingObjects (0ms)
			CreateAndSetChildDomain (1ms)
		EndReloadAssembly (476ms)
			LoadAssemblies (60ms)
			RebuildTransferFunctionScriptingTraits (0ms)
			SetupTypeCache (145ms)
			ReleaseScriptCaches (0ms)
			RebuildScriptCaches (31ms)
			SetupLoadedEditorAssemblies (191ms)
				LogAssemblyErrors (0ms)
				InitializePlatformSupportModulesInManaged (4ms)
				SetLoadedEditorAssemblies (0ms)
				RefreshPlugins (71ms)
				BeforeProcessingInitializeOnLoad (8ms)
				ProcessInitializeOnLoadAttributes (79ms)
				ProcessInitializeOnLoadMethodAttributes (28ms)
				AfterProcessingInitializeOnLoad (0ms)
				EditorAssembliesLoaded (0ms)
			ExecutionOrderSort2 (0ms)
			AwakeInstancesAfterBackupRestoration (0ms)
Platform modules already initialized, skipping
Registering precompiled user dll's ...
Registered in 0.003486 seconds.
Begin MonoManager ReloadAssembly
Native extension for WindowsStandalone target not found
Refreshing native plugins compatible for Editor in 71.46 ms, found 3 plugins.
Preloading 0 native plugins for Editor in 0.00 ms.
Mono: successfully reloaded assembly
- Completed reload, in  1.136 seconds
Domain Reload Profiling:
	ReloadAssembly (1137ms)
		BeginReloadAssembly (143ms)
			ExecutionOrderSort (0ms)
			DisableScriptedObjects (4ms)
			BackupInstance (0ms)
			ReleaseScriptingObjects (0ms)
			CreateAndSetChildDomain (18ms)
		EndReloadAssembly (937ms)
			LoadAssemblies (100ms)
			RebuildTransferFunctionScriptingTraits (0ms)
			SetupTypeCache (301ms)
			ReleaseScriptCaches (1ms)
			RebuildScriptCaches (62ms)
			SetupLoadedEditorAssemblies (369ms)
				LogAssemblyErrors (0ms)
				InitializePlatformSupportModulesInManaged (3ms)
				SetLoadedEditorAssemblies (0ms)
				RefreshPlugins (72ms)
				BeforeProcessingInitializeOnLoad (71ms)
				ProcessInitializeOnLoadAttributes (197ms)
				ProcessInitializeOnLoadMethodAttributes (21ms)
				AfterProcessingInitializeOnLoad (5ms)
				EditorAssembliesLoaded (0ms)
			ExecutionOrderSort2 (0ms)
			AwakeInstancesAfterBackupRestoration (2ms)
Platform modules already initialized, skipping
========================================================================
Worker process is ready to serve import requests
Launched and connected shader compiler UnityShaderCompiler.exe after 0.04 seconds
Refreshing native plugins compatible for Editor in 0.93 ms, found 3 plugins.
Preloading 0 native plugins for Editor in 0.00 ms.
Unloading 3094 Unused Serialized files (Serialized files now loaded: 0)
System memory in use before: 125.6 MB.
System memory in use after: 125.8 MB.

Unloading 38 unused Assets to reduce memory usage. Loaded Objects now: 3520.
Total: 3.029300 ms (FindLiveObjects: 0.240000 ms CreateObjectMapping: 0.139800 ms MarkObjects: 2.583900 ms  DeleteObjects: 0.064700 ms)

AssetImportParameters requested are different than current active one (requested -> active):
  custom:framework-win-MediaFoundation: 216162199b28c13a410421893ffa2e32 -> 
  custom:video-decoder-ogg-theora: a1e56fd34408186e4bbccfd4996cb3dc -> 
  custom:container-muxer-webm: aa71ff27fc2769a1b78a27578f13a17b -> 
  custom:container-demuxer-webm: 4f35f7cbe854078d1ac9338744f61a02 -> 
  custom:container-demuxer-ogg: 62fdf1f143b41e24485cea50d1cbac27 -> 
  custom:video-encoder-webm-vp8: eb34c28f22e8b96e1ab97ce403110664 -> 
  custom:video-decoder-webm-vp8: 9c59270c3fd7afecdb556c50c9e8de78 -> 
  custom:audio-decoder-ogg-vorbis: bf7c407c2cedff20999df2af8eb42d56 -> 
  custom:audio-encoder-webm-vorbis: bf7c407c2cedff20999df2af8eb42d56 -> 
========================================================================
Received Import Request.
  path: Assets/Packages/Slime/Jump/Jump08.png
  artifactKey: Guid(3bf6fa78488bcf446b92b91725838803) Importer(815301076,1909f56bfc062723c751e8b465ee728b)
Start importing Assets/Packages/Slime/Jump/Jump08.png using Guid(3bf6fa78488bcf446b92b91725838803) Importer(815301076,1909f56bfc062723c751e8b465ee728b)  -> (artifact id: 'ee6785ed502ea10d775d436f9702abaa') in 0.137006 seconds 
========================================================================
Received Import Request.
  Time since last request: 0.000262 seconds.
  path: Assets/Packages/Slime/Jump/Jump01.png
  artifactKey: Guid(bedcd5735e0f5a946a5d387da8942def) Importer(815301076,1909f56bfc062723c751e8b465ee728b)
Start importing Assets/Packages/Slime/Jump/Jump01.png using Guid(bedcd5735e0f5a946a5d387da8942def) Importer(815301076,1909f56bfc062723c751e8b465ee728b)  -> (artifact id: '56219debbd171a71ebee665d958b11ae') in 0.017257 seconds 
========================================================================
Received Import Request.
  Time since last request: 0.000361 seconds.
  path: Assets/Packages/Slime/Jump/Jump06.png
  artifactKey: Guid(d932d95626169104391da63f0aa94783) Importer(815301076,1909f56bfc062723c751e8b465ee728b)
Start importing Assets/Packages/Slime/Jump/Jump06.png using Guid(d932d95626169104391da63f0aa94783) Importer(815301076,1909f56bfc062723c751e8b465ee728b)  -> (artifact id: 'e44da98472d0026a967993aa76257811') in 0.025060 seconds 
========================================================================
Received Import Request.
  Time since last request: 0.000316 seconds.
  path: Assets/Packages/Slime/Jump/Jump09.png
  artifactKey: Guid(d62020c281bad4347bd8c474449d786f) Importer(815301076,1909f56bfc062723c751e8b465ee728b)
Start importing Assets/Packages/Slime/Jump/Jump09.png using Guid(d62020c281bad4347bd8c474449d786f) Importer(815301076,1909f56bfc062723c751e8b465ee728b)  -> (artifact id: '5c7b7b2f408fbee50a095a0d462b645d') in 0.021566 seconds 
========================================================================
Received Import Request.
  Time since last request: 0.000246 seconds.
  path: Assets/Packages/Slime/Jump/Jump05.png
  artifactKey: Guid(8a9808fdb88e3fe4db268c2ba8fde6ac) Importer(815301076,1909f56bfc062723c751e8b465ee728b)
Start importing Assets/Packages/Slime/Jump/Jump05.png using Guid(8a9808fdb88e3fe4db268c2ba8fde6ac) Importer(815301076,1909f56bfc062723c751e8b465ee728b)  -> (artifact id: 'b020b62a725788e14b943ced593ef5f4') in 0.017773 seconds 
========================================================================
Received Import Request.
  Time since last request: 3.243427 seconds.
  path: Assets/Packages/Slime/Prefab/Jump01.prefab
  artifactKey: Guid(ee05887a567e285408a792162d30e47e) Importer(815301076,1909f56bfc062723c751e8b465ee728b)
Start importing Assets/Packages/Slime/Prefab/Jump01.prefab using Guid(ee05887a567e285408a792162d30e47e) Importer(815301076,1909f56bfc062723c751e8b465ee728b)  -> (artifact id: 'ca55696607feb07ce979db43e724ac46') in 0.055404 seconds 
========================================================================
Received Import Request.
  Time since last request: 3.286446 seconds.
  path: Assets/Packages/Slime/Prefab/Sleep01.prefab
  artifactKey: Guid(de362b814a376694eb60a3f1c4fe3488) Importer(815301076,1909f56bfc062723c751e8b465ee728b)
Start importing Assets/Packages/Slime/Prefab/Sleep01.prefab using Guid(de362b814a376694eb60a3f1c4fe3488) Importer(815301076,1909f56bfc062723c751e8b465ee728b)  -> (artifact id: 'e74862f62dc13c692912c412a976bdc6') in 0.021224 seconds 
========================================================================
Received Import Request.
  Time since last request: 1.201897 seconds.
  path: Assets/Packages/Slime/Prefab/Spin01.prefab
  artifactKey: Guid(7652f38396109714a9f1fc9e8893e651) Importer(815301076,1909f56bfc062723c751e8b465ee728b)
Start importing Assets/Packages/Slime/Prefab/Spin01.prefab using Guid(7652f38396109714a9f1fc9e8893e651) Importer(815301076,1909f56bfc062723c751e8b465ee728b)  -> (artifact id: '74351969ccec796a2e1381b667ec0ed2') in 0.024769 seconds 
========================================================================
Received Import Request.
  Time since last request: 0.678484 seconds.
  path: Assets/Packages/Slime/Prefab/walk01.prefab
  artifactKey: Guid(83268204aed48b74d90fc0fdc8b0b5d0) Importer(815301076,1909f56bfc062723c751e8b465ee728b)
Start importing Assets/Packages/Slime/Prefab/walk01.prefab using Guid(83268204aed48b74d90fc0fdc8b0b5d0) Importer(815301076,1909f56bfc062723c751e8b465ee728b)  -> (artifact id: 'f6764df26314e0daf2077998e62eb805') in 0.019557 seconds 
========================================================================
Received Import Request.
  Time since last request: 12.704059 seconds.
  path: Assets/Packages/Slime/Walk/walk01.png
  artifactKey: Guid(1b291f9b1633ede4bbb58677083f01c2) Importer(815301076,1909f56bfc062723c751e8b465ee728b)
Start importing Assets/Packages/Slime/Walk/walk01.png using Guid(1b291f9b1633ede4bbb58677083f01c2) Importer(815301076,1909f56bfc062723c751e8b465ee728b)  -> (artifact id: '1a5d91959127fa75e8f2d6e36e079119') in 0.011539 seconds 
========================================================================
Received Import Request.
  Time since last request: 1.069958 seconds.
  path: Assets/Packages/Slime/Walk/walk02.png
  artifactKey: Guid(f1a15b510a975fe42bdbbcd493b5a131) Importer(815301076,1909f56bfc062723c751e8b465ee728b)
Start importing Assets/Packages/Slime/Walk/walk02.png using Guid(f1a15b510a975fe42bdbbcd493b5a131) Importer(815301076,1909f56bfc062723c751e8b465ee728b)  -> (artifact id: '121f18e9266ac0f10db6148ed837c348') in 0.017718 seconds 
========================================================================
Received Import Request.
  Time since last request: 1.144435 seconds.
  path: Assets/Packages/Slime/Walk/walk03.png
  artifactKey: Guid(ef5c560fc276ddf44bd633e82f1476ee) Importer(815301076,1909f56bfc062723c751e8b465ee728b)
Start importing Assets/Packages/Slime/Walk/walk03.png using Guid(ef5c560fc276ddf44bd633e82f1476ee) Importer(815301076,1909f56bfc062723c751e8b465ee728b)  -> (artifact id: '30c2ad27c5cd52205c850f9f1f471793') in 0.016964 seconds 
========================================================================
Received Import Request.
  Time since last request: 1.083418 seconds.
  path: Assets/Packages/Slime/Walk/walk04.png
  artifactKey: Guid(fde07ef3bc6b6fb43897d4f065180c6b) Importer(815301076,1909f56bfc062723c751e8b465ee728b)
Start importing Assets/Packages/Slime/Walk/walk04.png using Guid(fde07ef3bc6b6fb43897d4f065180c6b) Importer(815301076,1909f56bfc062723c751e8b465ee728b)  -> (artifact id: 'b11a48429fe1c029b5a87328412f5884') in 0.020997 seconds 
========================================================================
Received Import Request.
  Time since last request: 174.701341 seconds.
  path: Assets/Main/Prefab/Main Variant.prefab
  artifactKey: Guid(516251d3bd4aa3947a47db4873b002bc) Importer(815301076,1909f56bfc062723c751e8b465ee728b)
Start importing Assets/Main/Prefab/Main Variant.prefab using Guid(516251d3bd4aa3947a47db4873b002bc) Importer(815301076,1909f56bfc062723c751e8b465ee728b)  -> (artifact id: '1a2cf1781b534a0316ffa49b77c96706') in 0.032456 seconds 
========================================================================
Received Import Request.
  Time since last request: 32.887890 seconds.
  path: Assets/Main/Sprits/Character/Main.prefab
  artifactKey: Guid(e5a88f5c9c0b7b64aa34d3460c7132c2) Importer(815301076,1909f56bfc062723c751e8b465ee728b)
Start importing Assets/Main/Sprits/Character/Main.prefab using Guid(e5a88f5c9c0b7b64aa34d3460c7132c2) Importer(815301076,1909f56bfc062723c751e8b465ee728b)  -> (artifact id: '3b9a4f781cfc13096424f58128deb1d9') in 0.017219 seconds 
========================================================================
Received Prepare
Registering precompiled user dll's ...
Registered in 0.126904 seconds.
Begin MonoManager ReloadAssembly
Native extension for WindowsStandalone target not found
Refreshing native plugins compatible for Editor in 1.16 ms, found 3 plugins.
Preloading 0 native plugins for Editor in 0.00 ms.
Mono: successfully reloaded assembly
- Completed reload, in  1.094 seconds
Domain Reload Profiling:
	ReloadAssembly (1095ms)
		BeginReloadAssembly (126ms)
			ExecutionOrderSort (0ms)
			DisableScriptedObjects (8ms)
			BackupInstance (0ms)
			ReleaseScriptingObjects (0ms)
			CreateAndSetChildDomain (35ms)
		EndReloadAssembly (901ms)
			LoadAssemblies (115ms)
			RebuildTransferFunctionScriptingTraits (0ms)
			SetupTypeCache (325ms)
			ReleaseScriptCaches (1ms)
			RebuildScriptCaches (46ms)
			SetupLoadedEditorAssemblies (307ms)
				LogAssemblyErrors (0ms)
				InitializePlatformSupportModulesInManaged (5ms)
				SetLoadedEditorAssemblies (1ms)
				RefreshPlugins (1ms)
				BeforeProcessingInitializeOnLoad (65ms)
				ProcessInitializeOnLoadAttributes (213ms)
				ProcessInitializeOnLoadMethodAttributes (17ms)
				AfterProcessingInitializeOnLoad (5ms)
				EditorAssembliesLoaded (0ms)
			ExecutionOrderSort2 (0ms)
			AwakeInstancesAfterBackupRestoration (4ms)
Platform modules already initialized, skipping
Switching build target platform(19) subTarget(0) extendedPlatform(0) -> platform(13) subTarget(589824) extendedPlatform(0)
Refreshing native plugins compatible for Editor in 1.48 ms, found 3 plugins.
Preloading 0 native plugins for Editor in 0.00 ms.
Unloading 3073 Unused Serialized files (Serialized files now loaded: 0)
System memory in use before: 126.7 MB.
System memory in use after: 127.0 MB.

Unloading 27 unused Assets to reduce memory usage. Loaded Objects now: 3533.
Total: 3.759000 ms (FindLiveObjects: 0.347200 ms CreateObjectMapping: 0.194200 ms MarkObjects: 3.184000 ms  DeleteObjects: 0.032400 ms)

AssetImportParameters requested are different than current active one (requested -> active):
  custom:framework-win-MediaFoundation: 216162199b28c13a410421893ffa2e32 -> 
  custom:video-decoder-ogg-theora: a1e56fd34408186e4bbccfd4996cb3dc -> 
  custom:container-muxer-webm: aa71ff27fc2769a1b78a27578f13a17b -> 
  custom:container-demuxer-webm: 4f35f7cbe854078d1ac9338744f61a02 -> 
  custom:container-demuxer-ogg: 62fdf1f143b41e24485cea50d1cbac27 -> 
  custom:video-encoder-webm-vp8: eb34c28f22e8b96e1ab97ce403110664 -> 
  custom:video-decoder-webm-vp8: 9c59270c3fd7afecdb556c50c9e8de78 -> 
  custom:graphics/normal-map-encoding: 01000000000000000000000000000000 -> 02000000000000000000000000000000
  custom:audio-decoder-ogg-vorbis: bf7c407c2cedff20999df2af8eb42d56 -> 
  custom:audio-encoder-webm-vorbis: bf7c407c2cedff20999df2af8eb42d56 -> 
========================================================================
Received Import Request.
  Time since last request: 314.415397 seconds.
  path: Assets/Main/Prefab/Pacman.prefab
  artifactKey: Guid(68394a2d6bd4e1a4ba044b27a435b02d) Importer(815301076,1909f56bfc062723c751e8b465ee728b)
Start importing Assets/Main/Prefab/Pacman.prefab using Guid(68394a2d6bd4e1a4ba044b27a435b02d) Importer(815301076,1909f56bfc062723c751e8b465ee728b)  -> (artifact id: 'faa3c8312073a94f18c4222b3020f00f') in 0.088983 seconds 
========================================================================
Received Import Request.
  Time since last request: 92.430414 seconds.
  path: Assets/Main/Sprits/Character/Pacman_3.png
  artifactKey: Guid(a5295e4f214a48344a33fa75810b97ff) Importer(815301076,1909f56bfc062723c751e8b465ee728b)
Start importing Assets/Main/Sprits/Character/Pacman_3.png using Guid(a5295e4f214a48344a33fa75810b97ff) Importer(815301076,1909f56bfc062723c751e8b465ee728b)  -> (artifact id: 'ffa06943d5a8655eabb7dff18b01213e') in 0.020699 seconds 
========================================================================
Received Prepare
Registering precompiled user dll's ...
Registered in 0.005088 seconds.
Begin MonoManager ReloadAssembly
Native extension for WindowsStandalone target not found
Refreshing native plugins compatible for Editor in 1.07 ms, found 3 plugins.
Preloading 0 native plugins for Editor in 0.00 ms.
Mono: successfully reloaded assembly
- Completed reload, in  1.087 seconds
Domain Reload Profiling:
	ReloadAssembly (1088ms)
		BeginReloadAssembly (114ms)
			ExecutionOrderSort (0ms)
			DisableScriptedObjects (6ms)
			BackupInstance (0ms)
			ReleaseScriptingObjects (0ms)
			CreateAndSetChildDomain (34ms)
		EndReloadAssembly (912ms)
			LoadAssemblies (103ms)
			RebuildTransferFunctionScriptingTraits (0ms)
			SetupTypeCache (340ms)
			ReleaseScriptCaches (1ms)
			RebuildScriptCaches (53ms)
			SetupLoadedEditorAssemblies (297ms)
				LogAssemblyErrors (0ms)
				InitializePlatformSupportModulesInManaged (4ms)
				SetLoadedEditorAssemblies (1ms)
				RefreshPlugins (1ms)
				BeforeProcessingInitializeOnLoad (67ms)
				ProcessInitializeOnLoadAttributes (202ms)
				ProcessInitializeOnLoadMethodAttributes (16ms)
				AfterProcessingInitializeOnLoad (6ms)
				EditorAssembliesLoaded (0ms)
			ExecutionOrderSort2 (0ms)
			AwakeInstancesAfterBackupRestoration (5ms)
Platform modules already initialized, skipping
Switching build target platform(19) subTarget(0) extendedPlatform(0) -> platform(13) subTarget(589824) extendedPlatform(0)
Refreshing native plugins compatible for Editor in 0.84 ms, found 3 plugins.
Preloading 0 native plugins for Editor in 0.00 ms.
Unloading 3073 Unused Serialized files (Serialized files now loaded: 0)
System memory in use before: 126.8 MB.
System memory in use after: 127.0 MB.

Unloading 27 unused Assets to reduce memory usage. Loaded Objects now: 3537.
Total: 3.431200 ms (FindLiveObjects: 0.252500 ms CreateObjectMapping: 0.140000 ms MarkObjects: 3.012600 ms  DeleteObjects: 0.025200 ms)

AssetImportParameters requested are different than current active one (requested -> active):
  custom:framework-win-MediaFoundation: 216162199b28c13a410421893ffa2e32 -> 
  custom:video-decoder-ogg-theora: a1e56fd34408186e4bbccfd4996cb3dc -> 
  custom:container-muxer-webm: aa71ff27fc2769a1b78a27578f13a17b -> 
  custom:container-demuxer-webm: 4f35f7cbe854078d1ac9338744f61a02 -> 
  custom:container-demuxer-ogg: 62fdf1f143b41e24485cea50d1cbac27 -> 
  custom:video-encoder-webm-vp8: eb34c28f22e8b96e1ab97ce403110664 -> 
  custom:video-decoder-webm-vp8: 9c59270c3fd7afecdb556c50c9e8de78 -> 
  custom:graphics/normal-map-encoding: 01000000000000000000000000000000 -> 02000000000000000000000000000000
  custom:audio-decoder-ogg-vorbis: bf7c407c2cedff20999df2af8eb42d56 -> 
  custom:audio-encoder-webm-vorbis: bf7c407c2cedff20999df2af8eb42d56 -> 
========================================================================
Received Import Request.
  Time since last request: 656.758758 seconds.
  path: Assets/Main/Animation/Main.controller
  artifactKey: Guid(323c70c832ac70c418c1326a05c36287) Importer(815301076,1909f56bfc062723c751e8b465ee728b)
Start importing Assets/Main/Animation/Main.controller using Guid(323c70c832ac70c418c1326a05c36287) Importer(815301076,1909f56bfc062723c751e8b465ee728b)  -> (artifact id: 'a4b8f84383ef23e9b7eafca36c9c4877') in 0.076049 seconds 
========================================================================
Received Import Request.
  Time since last request: 1196.148585 seconds.
  path: Assets/Main/Prefab/Pac.prefab
  artifactKey: Guid(dfa08b560afa93f4a8afda1399c3afa3) Importer(815301076,1909f56bfc062723c751e8b465ee728b)
Start importing Assets/Main/Prefab/Pac.prefab using Guid(dfa08b560afa93f4a8afda1399c3afa3) Importer(815301076,1909f56bfc062723c751e8b465ee728b)  -> (artifact id: 'c5bf3f4805008a350e8d5022eeca3ed4') in 0.054469 seconds 
========================================================================
Received Import Request.
  Time since last request: 1274.421222 seconds.
  path: Assets/Main/Scripts/PacMove.cs
  artifactKey: Guid(0487801a492136442898ebba95e3a183) Importer(815301076,1909f56bfc062723c751e8b465ee728b)
Start importing Assets/Main/Scripts/PacMove.cs using Guid(0487801a492136442898ebba95e3a183) Importer(815301076,1909f56bfc062723c751e8b465ee728b)  -> (artifact id: 'dc3b638c1655ef47004cc9df13b798a3') in 0.015095 seconds 
========================================================================
Received Prepare
Registering precompiled user dll's ...
Registered in 0.013608 seconds.
Begin MonoManager ReloadAssembly
Native extension for WindowsStandalone target not found
Refreshing native plugins compatible for Editor in 1.85 ms, found 3 plugins.
Preloading 0 native plugins for Editor in 0.00 ms.
Mono: successfully reloaded assembly
- Completed reload, in  1.958 seconds
Domain Reload Profiling:
	ReloadAssembly (1958ms)
		BeginReloadAssembly (266ms)
			ExecutionOrderSort (0ms)
			DisableScriptedObjects (10ms)
			BackupInstance (0ms)
			ReleaseScriptingObjects (0ms)
			CreateAndSetChildDomain (51ms)
		EndReloadAssembly (1580ms)
			LoadAssemblies (268ms)
			RebuildTransferFunctionScriptingTraits (0ms)
			SetupTypeCache (702ms)
			ReleaseScriptCaches (2ms)
			RebuildScriptCaches (84ms)
			SetupLoadedEditorAssemblies (430ms)
				LogAssemblyErrors (0ms)
				InitializePlatformSupportModulesInManaged (6ms)
				SetLoadedEditorAssemblies (1ms)
				RefreshPlugins (2ms)
				BeforeProcessingInitializeOnLoad (82ms)
				ProcessInitializeOnLoadAttributes (292ms)
				ProcessInitializeOnLoadMethodAttributes (37ms)
				AfterProcessingInitializeOnLoad (10ms)
				EditorAssembliesLoaded (0ms)
			ExecutionOrderSort2 (0ms)
			AwakeInstancesAfterBackupRestoration (10ms)
Platform modules already initialized, skipping
Switching build target platform(19) subTarget(0) extendedPlatform(0) -> platform(13) subTarget(589824) extendedPlatform(0)
Refreshing native plugins compatible for Editor in 1.93 ms, found 3 plugins.
Preloading 0 native plugins for Editor in 0.00 ms.
Unloading 3074 Unused Serialized files (Serialized files now loaded: 0)
System memory in use before: 126.9 MB.
System memory in use after: 127.1 MB.

Unloading 27 unused Assets to reduce memory usage. Loaded Objects now: 3542.
Total: 6.981200 ms (FindLiveObjects: 0.925600 ms CreateObjectMapping: 0.479600 ms MarkObjects: 5.516500 ms  DeleteObjects: 0.057400 ms)

AssetImportParameters requested are different than current active one (requested -> active):
  custom:framework-win-MediaFoundation: 216162199b28c13a410421893ffa2e32 -> 
  custom:video-decoder-ogg-theora: a1e56fd34408186e4bbccfd4996cb3dc -> 
  custom:container-muxer-webm: aa71ff27fc2769a1b78a27578f13a17b -> 
  custom:container-demuxer-webm: 4f35f7cbe854078d1ac9338744f61a02 -> 
  custom:container-demuxer-ogg: 62fdf1f143b41e24485cea50d1cbac27 -> 
  custom:video-encoder-webm-vp8: eb34c28f22e8b96e1ab97ce403110664 -> 
  custom:video-decoder-webm-vp8: 9c59270c3fd7afecdb556c50c9e8de78 -> 
  custom:graphics/normal-map-encoding: 01000000000000000000000000000000 -> 02000000000000000000000000000000
  custom:audio-decoder-ogg-vorbis: bf7c407c2cedff20999df2af8eb42d56 -> 
  custom:audio-encoder-webm-vorbis: bf7c407c2cedff20999df2af8eb42d56 -> 
========================================================================
Received Import Request.
  Time since last request: 246.424434 seconds.
  path: Assets/Main/Scripts/PacMove.cs
  artifactKey: Guid(0487801a492136442898ebba95e3a183) Importer(815301076,1909f56bfc062723c751e8b465ee728b)
Start importing Assets/Main/Scripts/PacMove.cs using Guid(0487801a492136442898ebba95e3a183) Importer(815301076,1909f56bfc062723c751e8b465ee728b)  -> (artifact id: 'e9f9ed3432f4bf9cc8b76c52dd1eb756') in 0.024935 seconds 
========================================================================
Received Import Request.
  Time since last request: 995.787244 seconds.
  path: Assets/Main/Scripts/PacMove.cs
  artifactKey: Guid(0487801a492136442898ebba95e3a183) Importer(815301076,1909f56bfc062723c751e8b465ee728b)
Start importing Assets/Main/Scripts/PacMove.cs using Guid(0487801a492136442898ebba95e3a183) Importer(815301076,1909f56bfc062723c751e8b465ee728b)  -> (artifact id: '64ae7825fe5972e326e3a686acd0eac4') in 0.002083 seconds 
========================================================================
Received Prepare
Registering precompiled user dll's ...
Registered in 0.006876 seconds.
Begin MonoManager ReloadAssembly
Native extension for WindowsStandalone target not found
Refreshing native plugins compatible for Editor in 0.95 ms, found 3 plugins.
Preloading 0 native plugins for Editor in 0.00 ms.
Mono: successfully reloaded assembly
- Completed reload, in  1.096 seconds
Domain Reload Profiling:
	ReloadAssembly (1097ms)
		BeginReloadAssembly (120ms)
			ExecutionOrderSort (0ms)
			DisableScriptedObjects (7ms)
			BackupInstance (0ms)
			ReleaseScriptingObjects (0ms)
			CreateAndSetChildDomain (37ms)
		EndReloadAssembly (910ms)
			LoadAssemblies (104ms)
			RebuildTransferFunctionScriptingTraits (0ms)
			SetupTypeCache (316ms)
			ReleaseScriptCaches (1ms)
			RebuildScriptCaches (52ms)
			SetupLoadedEditorAssemblies (311ms)
				LogAssemblyErrors (0ms)
				InitializePlatformSupportModulesInManaged (6ms)
				SetLoadedEditorAssemblies (0ms)
				RefreshPlugins (1ms)
				BeforeProcessingInitializeOnLoad (65ms)
				ProcessInitializeOnLoadAttributes (217ms)
				ProcessInitializeOnLoadMethodAttributes (16ms)
				AfterProcessingInitializeOnLoad (5ms)
				EditorAssembliesLoaded (0ms)
			ExecutionOrderSort2 (0ms)
			AwakeInstancesAfterBackupRestoration (4ms)
Platform modules already initialized, skipping
Switching build target platform(19) subTarget(0) extendedPlatform(0) -> platform(13) subTarget(589824) extendedPlatform(0)
Refreshing native plugins compatible for Editor in 0.84 ms, found 3 plugins.
Preloading 0 native plugins for Editor in 0.00 ms.
Unloading 3074 Unused Serialized files (Serialized files now loaded: 0)
System memory in use before: 126.9 MB.
System memory in use after: 127.1 MB.

Unloading 27 unused Assets to reduce memory usage. Loaded Objects now: 3545.
Total: 3.221300 ms (FindLiveObjects: 0.233700 ms CreateObjectMapping: 0.151800 ms MarkObjects: 2.812900 ms  DeleteObjects: 0.022100 ms)

AssetImportParameters requested are different than current active one (requested -> active):
  custom:framework-win-MediaFoundation: 216162199b28c13a410421893ffa2e32 -> 
  custom:video-decoder-ogg-theora: a1e56fd34408186e4bbccfd4996cb3dc -> 
  custom:container-muxer-webm: aa71ff27fc2769a1b78a27578f13a17b -> 
  custom:container-demuxer-webm: 4f35f7cbe854078d1ac9338744f61a02 -> 
  custom:container-demuxer-ogg: 62fdf1f143b41e24485cea50d1cbac27 -> 
  custom:video-encoder-webm-vp8: eb34c28f22e8b96e1ab97ce403110664 -> 
  custom:video-decoder-webm-vp8: 9c59270c3fd7afecdb556c50c9e8de78 -> 
  custom:graphics/normal-map-encoding: 01000000000000000000000000000000 -> 02000000000000000000000000000000
  custom:audio-decoder-ogg-vorbis: bf7c407c2cedff20999df2af8eb42d56 -> 
  custom:audio-encoder-webm-vorbis: bf7c407c2cedff20999df2af8eb42d56 -> 
========================================================================
Received Import Request.
  Time since last request: 146.179952 seconds.
  path: Assets/Main/Scripts/PacMove.cs
  artifactKey: Guid(0487801a492136442898ebba95e3a183) Importer(815301076,1909f56bfc062723c751e8b465ee728b)
Start importing Assets/Main/Scripts/PacMove.cs using Guid(0487801a492136442898ebba95e3a183) Importer(815301076,1909f56bfc062723c751e8b465ee728b)  -> (artifact id: '3bf4445e0efcd2aa0ed0149df7113c7c') in 0.004956 seconds 
========================================================================
Received Import Request.
  Time since last request: 208.840288 seconds.
  path: Assets/Packages/Fungus/Resources/Prefabs/AudioTag.prefab
  artifactKey: Guid(8a19432eef4e44247949edb78c590f64) Importer(815301076,1909f56bfc062723c751e8b465ee728b)
Start importing Assets/Packages/Fungus/Resources/Prefabs/AudioTag.prefab using Guid(8a19432eef4e44247949edb78c590f64) Importer(815301076,1909f56bfc062723c751e8b465ee728b)  -> (artifact id: '7594a7e8e9afc9ce6376d02196c77f53') in 0.032802 seconds 
========================================================================
Received Import Request.
  Time since last request: 0.000283 seconds.
  path: Assets/Examples/FungusExamples/FirstPerson/Visuals/Google Poly/Button/Button_01.obj
  artifactKey: Guid(0fdf97416997f0a4dbf3deb6a8ef7d05) Importer(815301076,1909f56bfc062723c751e8b465ee728b)
Start importing Assets/Examples/FungusExamples/FirstPerson/Visuals/Google Poly/Button/Button_01.obj using Guid(0fdf97416997f0a4dbf3deb6a8ef7d05) Importer(815301076,1909f56bfc062723c751e8b465ee728b)  -> (artifact id: '6d000975dfc64f8fd6ba345b252a7931') in 0.180629 seconds 
========================================================================
Received Import Request.
  Time since last request: 0.000230 seconds.
  path: Assets/Examples/FungusExamples/Playground/Prefabs/EnemyDieParticle.prefab
  artifactKey: Guid(e984fd5d6e5532849888a6e97dde6888) Importer(815301076,1909f56bfc062723c751e8b465ee728b)
Start importing Assets/Examples/FungusExamples/Playground/Prefabs/EnemyDieParticle.prefab using Guid(e984fd5d6e5532849888a6e97dde6888) Importer(815301076,1909f56bfc062723c751e8b465ee728b)  -> (artifact id: '6c1a7e43f352c3166526f3248d782433') in 0.150587 seconds 
========================================================================
Received Import Request.
  Time since last request: 0.000167 seconds.
  path: Packages/com.unity.2d.spriteshape/Editor/ObjectMenuCreation/DefaultAssets/Sprite Shapes/Closed Sprite Shape.prefab
  artifactKey: Guid(c0583b4e855c74b8c82e7b9b5efb5ce9) Importer(815301076,1909f56bfc062723c751e8b465ee728b)
Start importing Packages/com.unity.2d.spriteshape/Editor/ObjectMenuCreation/DefaultAssets/Sprite Shapes/Closed Sprite Shape.prefab using Guid(c0583b4e855c74b8c82e7b9b5efb5ce9) Importer(815301076,1909f56bfc062723c751e8b465ee728b)  -> (artifact id: '2d633a999cd0db5a929fdc6b8a7f437c') in 0.046889 seconds 
========================================================================
Received Import Request.
  Time since last request: 0.000178 seconds.
  path: Assets/Packages/Fungus/Resources/Prefabs/Character.prefab
  artifactKey: Guid(b20518d45890e4be59ba82946f88026c) Importer(815301076,1909f56bfc062723c751e8b465ee728b)
Start importing Assets/Packages/Fungus/Resources/Prefabs/Character.prefab using Guid(b20518d45890e4be59ba82946f88026c) Importer(815301076,1909f56bfc062723c751e8b465ee728b)  -> (artifact id: '24e262f6b9571f40a306aafc1e6ce152') in 0.013035 seconds 
========================================================================
Received Import Request.
  Time since last request: 0.000233 seconds.
  path: Assets/Packages/Fungus/Resources/Prefabs/ClickableSprite.prefab
  artifactKey: Guid(0e6bcf37a2876432fa58eff8888bf177) Importer(815301076,1909f56bfc062723c751e8b465ee728b)
Start importing Assets/Packages/Fungus/Resources/Prefabs/ClickableSprite.prefab using Guid(0e6bcf37a2876432fa58eff8888bf177) Importer(815301076,1909f56bfc062723c751e8b465ee728b)  -> (artifact id: '44b6b719b82f2e6224cf62ac7a24533d') in 0.028386 seconds 
========================================================================
Received Import Request.
  Time since last request: 0.000513 seconds.
  path: Assets/Examples/FungusExamples/Playground/Prefabs/Cannon.prefab
  artifactKey: Guid(5db9b59ebaddb664eac17f8dd52f454a) Importer(815301076,1909f56bfc062723c751e8b465ee728b)
Start importing Assets/Examples/FungusExamples/Playground/Prefabs/Cannon.prefab using Guid(5db9b59ebaddb664eac17f8dd52f454a) Importer(815301076,1909f56bfc062723c751e8b465ee728b)  -> (artifact id: '75ba77baf9cf01fbbfc2be961676fdd3') in 0.077439 seconds 
========================================================================
Received Import Request.
  Time since last request: 0.000224 seconds.
  path: Assets/Packages/Joystick Pack/Prefabs/Dynamic Joystick.prefab
  artifactKey: Guid(56fae09712773584fb63896d473a98ee) Importer(815301076,1909f56bfc062723c751e8b465ee728b)
Start importing Assets/Packages/Joystick Pack/Prefabs/Dynamic Joystick.prefab using Guid(56fae09712773584fb63896d473a98ee) Importer(815301076,1909f56bfc062723c751e8b465ee728b)  -> (artifact id: 'ae3c3f296398fe4442cc1a6f62823d0f') in 0.037978 seconds 
========================================================================
Received Import Request.
  Time since last request: 0.000203 seconds.
  path: Assets/Packages/Fungus/Resources/Prefabs/EventSystem.prefab
  artifactKey: Guid(6ba8287b46c1545a789e1b569cad35eb) Importer(815301076,1909f56bfc062723c751e8b465ee728b)
Start importing Assets/Packages/Fungus/Resources/Prefabs/EventSystem.prefab using Guid(6ba8287b46c1545a789e1b569cad35eb) Importer(815301076,1909f56bfc062723c751e8b465ee728b)  -> (artifact id: '8790553038c20e7c93f7e2be3e6eb11d') in 0.013191 seconds 
========================================================================
Received Import Request.
  Time since last request: 0.000171 seconds.
  path: Assets/Packages/Fungus/Resources/Prefabs/DraggableSprite.prefab
  artifactKey: Guid(4d55f86cf3b124c8fb1158da26ffa96d) Importer(815301076,1909f56bfc062723c751e8b465ee728b)
Start importing Assets/Packages/Fungus/Resources/Prefabs/DraggableSprite.prefab using Guid(4d55f86cf3b124c8fb1158da26ffa96d) Importer(815301076,1909f56bfc062723c751e8b465ee728b)  -> (artifact id: 'e355ec5173596fa7b01c83a797a3254f') in 0.019939 seconds 
========================================================================
Received Import Request.
  Time since last request: 0.000187 seconds.
  path: Assets/Examples/FungusExamples/Playground/Prefabs/Enemy.prefab
  artifactKey: Guid(cf9a0515785714a49b2d12090c78828f) Importer(815301076,1909f56bfc062723c751e8b465ee728b)
Start importing Assets/Examples/FungusExamples/Playground/Prefabs/Enemy.prefab using Guid(cf9a0515785714a49b2d12090c78828f) Importer(815301076,1909f56bfc062723c751e8b465ee728b)  -> (artifact id: '233c0aeed49d73298703d90eba6c424b') in 0.031184 seconds 
========================================================================
Received Import Request.
  Time since last request: 0.000212 seconds.
  path: Assets/Examples/FungusExamples/FirstPerson/Prefabs/Button.prefab
  artifactKey: Guid(ce35e97bd56b1944d8592fa0e400a240) Importer(815301076,1909f56bfc062723c751e8b465ee728b)
Start importing Assets/Examples/FungusExamples/FirstPerson/Prefabs/Button.prefab using Guid(ce35e97bd56b1944d8592fa0e400a240) Importer(815301076,1909f56bfc062723c751e8b465ee728b)  -> (artifact id: '397d54293a96384ef2c5e395f67599a0') in 0.059232 seconds 
========================================================================
Received Import Request.
  Time since last request: 0.000200 seconds.
  path: Assets/Packages/Fungus/Resources/Prefabs/DragTargetSprite.prefab
  artifactKey: Guid(4442b79fcbcbb4aac97f42d6dc3d4e0b) Importer(815301076,1909f56bfc062723c751e8b465ee728b)
Start importing Assets/Packages/Fungus/Resources/Prefabs/DragTargetSprite.prefab using Guid(4442b79fcbcbb4aac97f42d6dc3d4e0b) Importer(815301076,1909f56bfc062723c751e8b465ee728b)  -> (artifact id: 'b93e503e04e0bc653091c33df7ddf4f2') in 0.016532 seconds 
========================================================================
Received Import Request.
  Time since last request: 0.000566 seconds.
  path: Assets/Examples/FungusExamples/FirstPerson/Prefabs/Door.prefab
  artifactKey: Guid(929d45c4d9c08874ba1eaf9ba09de51d) Importer(815301076,1909f56bfc062723c751e8b465ee728b)
Start importing Assets/Examples/FungusExamples/FirstPerson/Prefabs/Door.prefab using Guid(929d45c4d9c08874ba1eaf9ba09de51d) Importer(815301076,1909f56bfc062723c751e8b465ee728b)  -> (artifact id: '0b3d4d39edba64a455a17e541b5f101f') in 0.042954 seconds 
========================================================================
Received Prepare
Registering precompiled user dll's ...
Registered in 0.005358 seconds.
Begin MonoManager ReloadAssembly
Native extension for WindowsStandalone target not found
Refreshing native plugins compatible for Editor in 0.87 ms, found 3 plugins.
Preloading 0 native plugins for Editor in 0.00 ms.
Mono: successfully reloaded assembly
- Completed reload, in  1.146 seconds
Domain Reload Profiling:
	ReloadAssembly (1147ms)
		BeginReloadAssembly (123ms)
			ExecutionOrderSort (0ms)
			DisableScriptedObjects (6ms)
			BackupInstance (0ms)
			ReleaseScriptingObjects (0ms)
			CreateAndSetChildDomain (34ms)
		EndReloadAssembly (955ms)
			LoadAssemblies (109ms)
			RebuildTransferFunctionScriptingTraits (0ms)
			SetupTypeCache (336ms)
			ReleaseScriptCaches (1ms)
			RebuildScriptCaches (49ms)
			SetupLoadedEditorAssemblies (329ms)
				LogAssemblyErrors (0ms)
				InitializePlatformSupportModulesInManaged (4ms)
				SetLoadedEditorAssemblies (1ms)
				RefreshPlugins (1ms)
				BeforeProcessingInitializeOnLoad (72ms)
				ProcessInitializeOnLoadAttributes (230ms)
				ProcessInitializeOnLoadMethodAttributes (16ms)
				AfterProcessingInitializeOnLoad (6ms)
				EditorAssembliesLoaded (0ms)
			ExecutionOrderSort2 (0ms)
			AwakeInstancesAfterBackupRestoration (4ms)
Platform modules already initialized, skipping
Switching build target platform(19) subTarget(0) extendedPlatform(0) -> platform(13) subTarget(589824) extendedPlatform(0)
Refreshing native plugins compatible for Editor in 0.83 ms, found 3 plugins.
Preloading 0 native plugins for Editor in 0.00 ms.
Unloading 3074 Unused Serialized files (Serialized files now loaded: 0)
System memory in use before: 127.3 MB.
System memory in use after: 127.6 MB.

Unloading 29 unused Assets to reduce memory usage. Loaded Objects now: 3586.
Total: 3.532000 ms (FindLiveObjects: 0.243400 ms CreateObjectMapping: 0.139100 ms MarkObjects: 3.096800 ms  DeleteObjects: 0.052000 ms)

AssetImportParameters requested are different than current active one (requested -> active):
  custom:framework-win-MediaFoundation: 216162199b28c13a410421893ffa2e32 -> 
  custom:video-decoder-ogg-theora: a1e56fd34408186e4bbccfd4996cb3dc -> 
  custom:container-muxer-webm: aa71ff27fc2769a1b78a27578f13a17b -> 
  custom:container-demuxer-webm: 4f35f7cbe854078d1ac9338744f61a02 -> 
  custom:container-demuxer-ogg: 62fdf1f143b41e24485cea50d1cbac27 -> 
  custom:video-encoder-webm-vp8: eb34c28f22e8b96e1ab97ce403110664 -> 
  custom:video-decoder-webm-vp8: 9c59270c3fd7afecdb556c50c9e8de78 -> 
  custom:graphics/normal-map-encoding: 01000000000000000000000000000000 -> 02000000000000000000000000000000
  custom:audio-decoder-ogg-vorbis: bf7c407c2cedff20999df2af8eb42d56 -> 
  custom:audio-encoder-webm-vorbis: bf7c407c2cedff20999df2af8eb42d56 -> 
========================================================================
Received Prepare
Registering precompiled user dll's ...
Registered in 0.004655 seconds.
Begin MonoManager ReloadAssembly
Native extension for WindowsStandalone target not found
Refreshing native plugins compatible for Editor in 0.80 ms, found 3 plugins.
Preloading 0 native plugins for Editor in 0.00 ms.
Mono: successfully reloaded assembly
- Completed reload, in  1.008 seconds
Domain Reload Profiling:
	ReloadAssembly (1008ms)
		BeginReloadAssembly (108ms)
			ExecutionOrderSort (0ms)
			DisableScriptedObjects (6ms)
			BackupInstance (0ms)
			ReleaseScriptingObjects (0ms)
			CreateAndSetChildDomain (31ms)
		EndReloadAssembly (844ms)
			LoadAssemblies (95ms)
			RebuildTransferFunctionScriptingTraits (0ms)
			SetupTypeCache (299ms)
			ReleaseScriptCaches (1ms)
			RebuildScriptCaches (44ms)
			SetupLoadedEditorAssemblies (282ms)
				LogAssemblyErrors (0ms)
				InitializePlatformSupportModulesInManaged (4ms)
				SetLoadedEditorAssemblies (0ms)
				RefreshPlugins (1ms)
				BeforeProcessingInitializeOnLoad (61ms)
				ProcessInitializeOnLoadAttributes (196ms)
				ProcessInitializeOnLoadMethodAttributes (15ms)
				AfterProcessingInitializeOnLoad (5ms)
				EditorAssembliesLoaded (0ms)
			ExecutionOrderSort2 (0ms)
			AwakeInstancesAfterBackupRestoration (4ms)
Platform modules already initialized, skipping
Switching build target platform(19) subTarget(0) extendedPlatform(0) -> platform(13) subTarget(589824) extendedPlatform(0)
Refreshing native plugins compatible for Editor in 0.80 ms, found 3 plugins.
Preloading 0 native plugins for Editor in 0.00 ms.
Unloading 3074 Unused Serialized files (Serialized files now loaded: 0)
System memory in use before: 127.4 MB.
System memory in use after: 127.6 MB.

Unloading 27 unused Assets to reduce memory usage. Loaded Objects now: 3589.
Total: 3.195900 ms (FindLiveObjects: 0.227500 ms CreateObjectMapping: 0.108400 ms MarkObjects: 2.838600 ms  DeleteObjects: 0.020900 ms)

AssetImportParameters requested are different than current active one (requested -> active):
  custom:framework-win-MediaFoundation: 216162199b28c13a410421893ffa2e32 -> 
  custom:video-decoder-ogg-theora: a1e56fd34408186e4bbccfd4996cb3dc -> 
  custom:container-muxer-webm: aa71ff27fc2769a1b78a27578f13a17b -> 
  custom:container-demuxer-webm: 4f35f7cbe854078d1ac9338744f61a02 -> 
  custom:container-demuxer-ogg: 62fdf1f143b41e24485cea50d1cbac27 -> 
  custom:video-encoder-webm-vp8: eb34c28f22e8b96e1ab97ce403110664 -> 
  custom:video-decoder-webm-vp8: 9c59270c3fd7afecdb556c50c9e8de78 -> 
  custom:graphics/normal-map-encoding: 01000000000000000000000000000000 -> 02000000000000000000000000000000
  custom:audio-decoder-ogg-vorbis: bf7c407c2cedff20999df2af8eb42d56 -> 
  custom:audio-encoder-webm-vorbis: bf7c407c2cedff20999df2af8eb42d56 -> 
========================================================================
Received Prepare
Registering precompiled user dll's ...
Registered in 0.004873 seconds.
Begin MonoManager ReloadAssembly
Native extension for WindowsStandalone target not found
Refreshing native plugins compatible for Editor in 1.24 ms, found 3 plugins.
Preloading 0 native plugins for Editor in 0.00 ms.
Mono: successfully reloaded assembly
- Completed reload, in  1.043 seconds
Domain Reload Profiling:
	ReloadAssembly (1044ms)
		BeginReloadAssembly (118ms)
			ExecutionOrderSort (0ms)
			DisableScriptedObjects (6ms)
			BackupInstance (0ms)
			ReleaseScriptingObjects (0ms)
			CreateAndSetChildDomain (31ms)
		EndReloadAssembly (865ms)
			LoadAssemblies (110ms)
			RebuildTransferFunctionScriptingTraits (0ms)
			SetupTypeCache (302ms)
			ReleaseScriptCaches (1ms)
			RebuildScriptCaches (44ms)
			SetupLoadedEditorAssemblies (284ms)
				LogAssemblyErrors (0ms)
				InitializePlatformSupportModulesInManaged (5ms)
				SetLoadedEditorAssemblies (2ms)
				RefreshPlugins (1ms)
				BeforeProcessingInitializeOnLoad (63ms)
				ProcessInitializeOnLoadAttributes (193ms)
				ProcessInitializeOnLoadMethodAttributes (14ms)
				AfterProcessingInitializeOnLoad (5ms)
				EditorAssembliesLoaded (0ms)
			ExecutionOrderSort2 (0ms)
			AwakeInstancesAfterBackupRestoration (4ms)
Platform modules already initialized, skipping
Switching build target platform(19) subTarget(0) extendedPlatform(0) -> platform(13) subTarget(589824) extendedPlatform(0)
Refreshing native plugins compatible for Editor in 1.36 ms, found 3 plugins.
Preloading 0 native plugins for Editor in 0.00 ms.
Unloading 3074 Unused Serialized files (Serialized files now loaded: 0)
System memory in use before: 127.4 MB.
System memory in use after: 127.6 MB.

Unloading 27 unused Assets to reduce memory usage. Loaded Objects now: 3592.
Total: 3.336100 ms (FindLiveObjects: 0.278800 ms CreateObjectMapping: 0.150000 ms MarkObjects: 2.882600 ms  DeleteObjects: 0.024100 ms)

AssetImportParameters requested are different than current active one (requested -> active):
  custom:framework-win-MediaFoundation: 216162199b28c13a410421893ffa2e32 -> 
  custom:video-decoder-ogg-theora: a1e56fd34408186e4bbccfd4996cb3dc -> 
  custom:container-muxer-webm: aa71ff27fc2769a1b78a27578f13a17b -> 
  custom:container-demuxer-webm: 4f35f7cbe854078d1ac9338744f61a02 -> 
  custom:container-demuxer-ogg: 62fdf1f143b41e24485cea50d1cbac27 -> 
  custom:video-encoder-webm-vp8: eb34c28f22e8b96e1ab97ce403110664 -> 
  custom:video-decoder-webm-vp8: 9c59270c3fd7afecdb556c50c9e8de78 -> 
  custom:graphics/normal-map-encoding: 01000000000000000000000000000000 -> 02000000000000000000000000000000
  custom:audio-decoder-ogg-vorbis: bf7c407c2cedff20999df2af8eb42d56 -> 
  custom:audio-encoder-webm-vorbis: bf7c407c2cedff20999df2af8eb42d56 -> 
========================================================================
Received Import Request.
  Time since last request: 1359.906631 seconds.
  path: Assets/Main/Scripts/PacMove.cs
  artifactKey: Guid(0487801a492136442898ebba95e3a183) Importer(815301076,1909f56bfc062723c751e8b465ee728b)
Start importing Assets/Main/Scripts/PacMove.cs using Guid(0487801a492136442898ebba95e3a183) Importer(815301076,1909f56bfc062723c751e8b465ee728b)  -> (artifact id: 'ee82848ce9769b832feb6fee351bfbf6') in 0.007655 seconds 
========================================================================
Received Prepare
Registering precompiled user dll's ...
Registered in 0.004011 seconds.
Begin MonoManager ReloadAssembly
Native extension for WindowsStandalone target not found
Refreshing native plugins compatible for Editor in 0.82 ms, found 3 plugins.
Preloading 0 native plugins for Editor in 0.00 ms.
Mono: successfully reloaded assembly
- Completed reload, in  1.064 seconds
Domain Reload Profiling:
	ReloadAssembly (1065ms)
		BeginReloadAssembly (111ms)
			ExecutionOrderSort (0ms)
			DisableScriptedObjects (6ms)
			BackupInstance (0ms)
			ReleaseScriptingObjects (0ms)
			CreateAndSetChildDomain (32ms)
		EndReloadAssembly (882ms)
			LoadAssemblies (111ms)
			RebuildTransferFunctionScriptingTraits (0ms)
			SetupTypeCache (300ms)
			ReleaseScriptCaches (3ms)
			RebuildScriptCaches (48ms)
			SetupLoadedEditorAssemblies (278ms)
				LogAssemblyErrors (0ms)
				InitializePlatformSupportModulesInManaged (4ms)
				SetLoadedEditorAssemblies (0ms)
				RefreshPlugins (1ms)
				BeforeProcessingInitializeOnLoad (61ms)
				ProcessInitializeOnLoadAttributes (193ms)
				ProcessInitializeOnLoadMethodAttributes (14ms)
				AfterProcessingInitializeOnLoad (5ms)
				EditorAssembliesLoaded (0ms)
			ExecutionOrderSort2 (0ms)
			AwakeInstancesAfterBackupRestoration (5ms)
Platform modules already initialized, skipping
Switching build target platform(19) subTarget(0) extendedPlatform(0) -> platform(13) subTarget(589824) extendedPlatform(0)
Refreshing native plugins compatible for Editor in 0.88 ms, found 3 plugins.
Preloading 0 native plugins for Editor in 0.00 ms.
Unloading 3074 Unused Serialized files (Serialized files now loaded: 0)
System memory in use before: 127.4 MB.
System memory in use after: 127.6 MB.

Unloading 27 unused Assets to reduce memory usage. Loaded Objects now: 3595.
Total: 4.056800 ms (FindLiveObjects: 0.265700 ms CreateObjectMapping: 0.149800 ms MarkObjects: 3.612000 ms  DeleteObjects: 0.028200 ms)

AssetImportParameters requested are different than current active one (requested -> active):
  custom:framework-win-MediaFoundation: 216162199b28c13a410421893ffa2e32 -> 
  custom:video-decoder-ogg-theora: a1e56fd34408186e4bbccfd4996cb3dc -> 
  custom:container-muxer-webm: aa71ff27fc2769a1b78a27578f13a17b -> 
  custom:container-demuxer-webm: 4f35f7cbe854078d1ac9338744f61a02 -> 
  custom:container-demuxer-ogg: 62fdf1f143b41e24485cea50d1cbac27 -> 
  custom:video-encoder-webm-vp8: eb34c28f22e8b96e1ab97ce403110664 -> 
  custom:video-decoder-webm-vp8: 9c59270c3fd7afecdb556c50c9e8de78 -> 
  custom:graphics/normal-map-encoding: 01000000000000000000000000000000 -> 02000000000000000000000000000000
  custom:audio-decoder-ogg-vorbis: bf7c407c2cedff20999df2af8eb42d56 -> 
  custom:audio-encoder-webm-vorbis: bf7c407c2cedff20999df2af8eb42d56 -> 
========================================================================
Received Import Request.
  Time since last request: 271.275793 seconds.
  path: Assets/Main/Scripts/PacmanMove.cs
  artifactKey: Guid(ec12037e57fd5824a8ec7015d343d94e) Importer(815301076,1909f56bfc062723c751e8b465ee728b)
Start importing Assets/Main/Scripts/PacmanMove.cs using Guid(ec12037e57fd5824a8ec7015d343d94e) Importer(815301076,1909f56bfc062723c751e8b465ee728b)  -> (artifact id: 'ddfdcf8db6f01f1fe61f016f2c80b517') in 0.013005 seconds 
========================================================================
Received Prepare
Registering precompiled user dll's ...
Registered in 0.003941 seconds.
Begin MonoManager ReloadAssembly
Native extension for WindowsStandalone target not found
Refreshing native plugins compatible for Editor in 0.83 ms, found 3 plugins.
Preloading 0 native plugins for Editor in 0.00 ms.
Mono: successfully reloaded assembly
- Completed reload, in  1.521 seconds
Domain Reload Profiling:
	ReloadAssembly (1521ms)
		BeginReloadAssembly (190ms)
			ExecutionOrderSort (0ms)
			DisableScriptedObjects (11ms)
			BackupInstance (0ms)
			ReleaseScriptingObjects (0ms)
			CreateAndSetChildDomain (65ms)
		EndReloadAssembly (1251ms)
			LoadAssemblies (143ms)
			RebuildTransferFunctionScriptingTraits (0ms)
			SetupTypeCache (553ms)
			ReleaseScriptCaches (1ms)
			RebuildScriptCaches (53ms)
			SetupLoadedEditorAssemblies (355ms)
				LogAssemblyErrors (0ms)
				InitializePlatformSupportModulesInManaged (4ms)
				SetLoadedEditorAssemblies (0ms)
				RefreshPlugins (1ms)
				BeforeProcessingInitializeOnLoad (62ms)
				ProcessInitializeOnLoadAttributes (263ms)
				ProcessInitializeOnLoadMethodAttributes (17ms)
				AfterProcessingInitializeOnLoad (6ms)
				EditorAssembliesLoaded (0ms)
			ExecutionOrderSort2 (0ms)
			AwakeInstancesAfterBackupRestoration (5ms)
Platform modules already initialized, skipping
Switching build target platform(19) subTarget(0) extendedPlatform(0) -> platform(13) subTarget(589824) extendedPlatform(0)
Refreshing native plugins compatible for Editor in 0.83 ms, found 3 plugins.
Preloading 0 native plugins for Editor in 0.00 ms.
Unloading 3075 Unused Serialized files (Serialized files now loaded: 0)
System memory in use before: 127.4 MB.
System memory in use after: 127.6 MB.

Unloading 27 unused Assets to reduce memory usage. Loaded Objects now: 3599.
Total: 3.230800 ms (FindLiveObjects: 0.244000 ms CreateObjectMapping: 0.139200 ms MarkObjects: 2.819900 ms  DeleteObjects: 0.026800 ms)

AssetImportParameters requested are different than current active one (requested -> active):
  custom:framework-win-MediaFoundation: 216162199b28c13a410421893ffa2e32 -> 
  custom:video-decoder-ogg-theora: a1e56fd34408186e4bbccfd4996cb3dc -> 
  custom:container-muxer-webm: aa71ff27fc2769a1b78a27578f13a17b -> 
  custom:container-demuxer-webm: 4f35f7cbe854078d1ac9338744f61a02 -> 
  custom:container-demuxer-ogg: 62fdf1f143b41e24485cea50d1cbac27 -> 
  custom:video-encoder-webm-vp8: eb34c28f22e8b96e1ab97ce403110664 -> 
  custom:video-decoder-webm-vp8: 9c59270c3fd7afecdb556c50c9e8de78 -> 
  custom:graphics/normal-map-encoding: 01000000000000000000000000000000 -> 02000000000000000000000000000000
  custom:audio-decoder-ogg-vorbis: bf7c407c2cedff20999df2af8eb42d56 -> 
  custom:audio-encoder-webm-vorbis: bf7c407c2cedff20999df2af8eb42d56 -> 
========================================================================
Received Import Request.
  Time since last request: 142.854939 seconds.
  path: Assets/Main/Scripts/PacmanMove.cs
  artifactKey: Guid(ec12037e57fd5824a8ec7015d343d94e) Importer(815301076,1909f56bfc062723c751e8b465ee728b)
Start importing Assets/Main/Scripts/PacmanMove.cs using Guid(ec12037e57fd5824a8ec7015d343d94e) Importer(815301076,1909f56bfc062723c751e8b465ee728b)  -> (artifact id: 'e45103a0f1e2bf4a51aeb0356148d52d') in 0.042383 seconds 
========================================================================
Received Import Request.
  Time since last request: 71.675237 seconds.
  path: Assets/Main/Scripts/PacmanMove.cs
  artifactKey: Guid(ec12037e57fd5824a8ec7015d343d94e) Importer(815301076,1909f56bfc062723c751e8b465ee728b)
Start importing Assets/Main/Scripts/PacmanMove.cs using Guid(ec12037e57fd5824a8ec7015d343d94e) Importer(815301076,1909f56bfc062723c751e8b465ee728b)  -> (artifact id: 'b90da93aecd0791c51a0e98f568448eb') in 0.014549 seconds 
========================================================================
Received Import Request.
  Time since last request: 192.048332 seconds.
  path: Assets/Main/Scripts/PacmanMove.cs
  artifactKey: Guid(ec12037e57fd5824a8ec7015d343d94e) Importer(815301076,1909f56bfc062723c751e8b465ee728b)
Start importing Assets/Main/Scripts/PacmanMove.cs using Guid(ec12037e57fd5824a8ec7015d343d94e) Importer(815301076,1909f56bfc062723c751e8b465ee728b)  -> (artifact id: 'e82430aeb78aff62c5658a5a65894738') in 0.004652 seconds 
========================================================================
Received Import Request.
  Time since last request: 34.431102 seconds.
  path: Assets/Main/Scripts/PacMove.cs
  artifactKey: Guid(0487801a492136442898ebba95e3a183) Importer(815301076,1909f56bfc062723c751e8b465ee728b)
Start importing Assets/Main/Scripts/PacMove.cs using Guid(0487801a492136442898ebba95e3a183) Importer(815301076,1909f56bfc062723c751e8b465ee728b)  -> (artifact id: 'f6741f4a34e64615d6eb425db7adcc2e') in 0.006231 seconds 
========================================================================
Received Prepare
Registering precompiled user dll's ...
Registered in 0.003818 seconds.
Begin MonoManager ReloadAssembly
Native extension for WindowsStandalone target not found
Refreshing native plugins compatible for Editor in 1.90 ms, found 3 plugins.
Preloading 0 native plugins for Editor in 0.00 ms.
Mono: successfully reloaded assembly
- Completed reload, in  1.287 seconds
Domain Reload Profiling:
	ReloadAssembly (1288ms)
		BeginReloadAssembly (241ms)
			ExecutionOrderSort (0ms)
			DisableScriptedObjects (20ms)
			BackupInstance (0ms)
			ReleaseScriptingObjects (0ms)
			CreateAndSetChildDomain (91ms)
		EndReloadAssembly (974ms)
			LoadAssemblies (140ms)
			RebuildTransferFunctionScriptingTraits (0ms)
			SetupTypeCache (348ms)
			ReleaseScriptCaches (1ms)
			RebuildScriptCaches (54ms)
			SetupLoadedEditorAssemblies (299ms)
				LogAssemblyErrors (0ms)
				InitializePlatformSupportModulesInManaged (4ms)
				SetLoadedEditorAssemblies (0ms)
				RefreshPlugins (2ms)
				BeforeProcessingInitializeOnLoad (66ms)
				ProcessInitializeOnLoadAttributes (205ms)
				ProcessInitializeOnLoadMethodAttributes (15ms)
				AfterProcessingInitializeOnLoad (5ms)
				EditorAssembliesLoaded (0ms)
			ExecutionOrderSort2 (0ms)
			AwakeInstancesAfterBackupRestoration (4ms)
Platform modules already initialized, skipping
Switching build target platform(19) subTarget(0) extendedPlatform(0) -> platform(13) subTarget(589824) extendedPlatform(0)
Refreshing native plugins compatible for Editor in 0.87 ms, found 3 plugins.
Preloading 0 native plugins for Editor in 0.00 ms.
Unloading 3074 Unused Serialized files (Serialized files now loaded: 0)
System memory in use before: 127.4 MB.
System memory in use after: 127.6 MB.

Unloading 28 unused Assets to reduce memory usage. Loaded Objects now: 3601.
Total: 3.075200 ms (FindLiveObjects: 0.248300 ms CreateObjectMapping: 0.131400 ms MarkObjects: 2.671600 ms  DeleteObjects: 0.023300 ms)

AssetImportParameters requested are different than current active one (requested -> active):
  custom:framework-win-MediaFoundation: 216162199b28c13a410421893ffa2e32 -> 
  custom:video-decoder-ogg-theora: a1e56fd34408186e4bbccfd4996cb3dc -> 
  custom:container-muxer-webm: aa71ff27fc2769a1b78a27578f13a17b -> 
  custom:container-demuxer-webm: 4f35f7cbe854078d1ac9338744f61a02 -> 
  custom:container-demuxer-ogg: 62fdf1f143b41e24485cea50d1cbac27 -> 
  custom:video-encoder-webm-vp8: eb34c28f22e8b96e1ab97ce403110664 -> 
  custom:video-decoder-webm-vp8: 9c59270c3fd7afecdb556c50c9e8de78 -> 
  custom:graphics/normal-map-encoding: 01000000000000000000000000000000 -> 02000000000000000000000000000000
  custom:audio-decoder-ogg-vorbis: bf7c407c2cedff20999df2af8eb42d56 -> 
  custom:audio-encoder-webm-vorbis: bf7c407c2cedff20999df2af8eb42d56 -> 
========================================================================
Received Prepare
Registering precompiled user dll's ...
Registered in 0.004081 seconds.
Begin MonoManager ReloadAssembly
Native extension for WindowsStandalone target not found
Refreshing native plugins compatible for Editor in 0.84 ms, found 3 plugins.
Preloading 0 native plugins for Editor in 0.00 ms.
Mono: successfully reloaded assembly
- Completed reload, in  1.162 seconds
Domain Reload Profiling:
	ReloadAssembly (1162ms)
		BeginReloadAssembly (118ms)
			ExecutionOrderSort (0ms)
			DisableScriptedObjects (8ms)
			BackupInstance (0ms)
			ReleaseScriptingObjects (0ms)
			CreateAndSetChildDomain (36ms)
		EndReloadAssembly (977ms)
			LoadAssemblies (100ms)
			RebuildTransferFunctionScriptingTraits (0ms)
			SetupTypeCache (332ms)
			ReleaseScriptCaches (1ms)
			RebuildScriptCaches (51ms)
			SetupLoadedEditorAssemblies (303ms)
				LogAssemblyErrors (0ms)
				InitializePlatformSupportModulesInManaged (4ms)
				SetLoadedEditorAssemblies (0ms)
				RefreshPlugins (1ms)
				BeforeProcessingInitializeOnLoad (61ms)
				ProcessInitializeOnLoadAttributes (211ms)
				ProcessInitializeOnLoadMethodAttributes (18ms)
				AfterProcessingInitializeOnLoad (7ms)
				EditorAssembliesLoaded (0ms)
			ExecutionOrderSort2 (0ms)
			AwakeInstancesAfterBackupRestoration (6ms)
Platform modules already initialized, skipping
Switching build target platform(19) subTarget(0) extendedPlatform(0) -> platform(13) subTarget(589824) extendedPlatform(0)
Refreshing native plugins compatible for Editor in 1.40 ms, found 3 plugins.
Preloading 0 native plugins for Editor in 0.00 ms.
Unloading 3074 Unused Serialized files (Serialized files now loaded: 0)
System memory in use before: 127.4 MB.
System memory in use after: 127.6 MB.

Unloading 27 unused Assets to reduce memory usage. Loaded Objects now: 3604.
Total: 3.052100 ms (FindLiveObjects: 0.235400 ms CreateObjectMapping: 0.144100 ms MarkObjects: 2.649300 ms  DeleteObjects: 0.022500 ms)

AssetImportParameters requested are different than current active one (requested -> active):
  custom:framework-win-MediaFoundation: 216162199b28c13a410421893ffa2e32 -> 
  custom:video-decoder-ogg-theora: a1e56fd34408186e4bbccfd4996cb3dc -> 
  custom:container-muxer-webm: aa71ff27fc2769a1b78a27578f13a17b -> 
  custom:container-demuxer-webm: 4f35f7cbe854078d1ac9338744f61a02 -> 
  custom:container-demuxer-ogg: 62fdf1f143b41e24485cea50d1cbac27 -> 
  custom:video-encoder-webm-vp8: eb34c28f22e8b96e1ab97ce403110664 -> 
  custom:video-decoder-webm-vp8: 9c59270c3fd7afecdb556c50c9e8de78 -> 
  custom:graphics/normal-map-encoding: 01000000000000000000000000000000 -> 02000000000000000000000000000000
  custom:audio-decoder-ogg-vorbis: bf7c407c2cedff20999df2af8eb42d56 -> 
  custom:audio-encoder-webm-vorbis: bf7c407c2cedff20999df2af8eb42d56 -> 
========================================================================
Received Prepare
Refreshing native plugins compatible for Editor in 8.50 ms, found 3 plugins.
Preloading 0 native plugins for Editor in 0.00 ms.
Unloading 25 Unused Serialized files (Serialized files now loaded: 0)
System memory in use before: 67.0 MB.
System memory in use after: 67.2 MB.

Unloading 25 unused Assets to reduce memory usage. Loaded Objects now: 3604.
Total: 5.776600 ms (FindLiveObjects: 0.316800 ms CreateObjectMapping: 0.159900 ms MarkObjects: 5.272700 ms  DeleteObjects: 0.026300 ms)

AssetImportParameters requested are different than current active one (requested -> active):
  custom:framework-win-MediaFoundation: 216162199b28c13a410421893ffa2e32 -> 
  custom:video-decoder-ogg-theora: a1e56fd34408186e4bbccfd4996cb3dc -> 
  custom:container-muxer-webm: aa71ff27fc2769a1b78a27578f13a17b -> 
  custom:container-demuxer-webm: 4f35f7cbe854078d1ac9338744f61a02 -> 
  custom:container-demuxer-ogg: 62fdf1f143b41e24485cea50d1cbac27 -> 
  custom:video-encoder-webm-vp8: eb34c28f22e8b96e1ab97ce403110664 -> 
  custom:video-decoder-webm-vp8: 9c59270c3fd7afecdb556c50c9e8de78 -> 
  custom:audio-decoder-ogg-vorbis: bf7c407c2cedff20999df2af8eb42d56 -> 
  custom:audio-encoder-webm-vorbis: bf7c407c2cedff20999df2af8eb42d56 -> 
========================================================================
Received Import Request.
  Time since last request: 482.540219 seconds.
  path: Assets/Main/Sprits/Menu Buttons/Square Buttons/Square Buttons/Audio Square Button.png
  artifactKey: Guid(d84d210a8896f184ca6e44ecc2b60da6) Importer(815301076,1909f56bfc062723c751e8b465ee728b)
Start importing Assets/Main/Sprits/Menu Buttons/Square Buttons/Square Buttons/Audio Square Button.png using Guid(d84d210a8896f184ca6e44ecc2b60da6) Importer(815301076,1909f56bfc062723c751e8b465ee728b)  -> (artifact id: '6f4547c4ea1a6db6e2e713017738f3cb') in 0.063616 seconds 
========================================================================
Received Import Request.
  Time since last request: 0.000320 seconds.
  path: Assets/Main/Sprits/Menu Buttons/Square Buttons/Square Buttons/Play Square Button.png
  artifactKey: Guid(af14b031ffd37a046b35d384ed0fc319) Importer(815301076,1909f56bfc062723c751e8b465ee728b)
Start importing Assets/Main/Sprits/Menu Buttons/Square Buttons/Square Buttons/Play Square Button.png using Guid(af14b031ffd37a046b35d384ed0fc319) Importer(815301076,1909f56bfc062723c751e8b465ee728b)  -> (artifact id: '728a9d0e490973f4fc0295f55cf7d8f4') in 0.024761 seconds 
========================================================================
Received Import Request.
  Time since last request: 0.000372 seconds.
  path: Assets/Main/Sprits/Menu Buttons/Square Buttons/Square Buttons/Settings Square Button.png
  artifactKey: Guid(759e6bd9efc15124ab827268bca29a1f) Importer(815301076,1909f56bfc062723c751e8b465ee728b)
Start importing Assets/Main/Sprits/Menu Buttons/Square Buttons/Square Buttons/Settings Square Button.png using Guid(759e6bd9efc15124ab827268bca29a1f) Importer(815301076,1909f56bfc062723c751e8b465ee728b)  -> (artifact id: 'db149c73e0c0fc69cbe1935cfe3df0fe') in 0.031275 seconds 
========================================================================
Received Import Request.
  Time since last request: 0.000242 seconds.
  path: Assets/Main/Sprits/Menu Buttons/Square Buttons/Square Buttons/Info Square Button.png
  artifactKey: Guid(5381cff5d5c8ab143805890efdbc233e) Importer(815301076,1909f56bfc062723c751e8b465ee728b)
Start importing Assets/Main/Sprits/Menu Buttons/Square Buttons/Square Buttons/Info Square Button.png using Guid(5381cff5d5c8ab143805890efdbc233e) Importer(815301076,1909f56bfc062723c751e8b465ee728b)  -> (artifact id: '0887a7a97adc2c00d3f223aaf11df519') in 0.026074 seconds 
========================================================================
Received Import Request.
  Time since last request: 0.000445 seconds.
  path: Assets/Main/Sprits/Menu Buttons/Square Buttons/Square Buttons/Pause Square Button.png
  artifactKey: Guid(b558597e975769a45b2eede31d9fb0dc) Importer(815301076,1909f56bfc062723c751e8b465ee728b)
Start importing Assets/Main/Sprits/Menu Buttons/Square Buttons/Square Buttons/Pause Square Button.png using Guid(b558597e975769a45b2eede31d9fb0dc) Importer(815301076,1909f56bfc062723c751e8b465ee728b)  -> (artifact id: '542fa62a3de3eb77f41842e01e90822e') in 0.028253 seconds 
========================================================================
Received Import Request.
  Time since last request: 0.000309 seconds.
  path: Assets/Main/Sprits/Menu Buttons/Square Buttons/Square Buttons/V Square Button.png
  artifactKey: Guid(b7c72d77de8150446aaf895ce588894b) Importer(815301076,1909f56bfc062723c751e8b465ee728b)
Start importing Assets/Main/Sprits/Menu Buttons/Square Buttons/Square Buttons/V Square Button.png using Guid(b7c72d77de8150446aaf895ce588894b) Importer(815301076,1909f56bfc062723c751e8b465ee728b)  -> (artifact id: 'ad941c109b7494836dcea069edf72e81') in 0.030372 seconds 
========================================================================
Received Import Request.
  Time since last request: 0.000332 seconds.
  path: Assets/Main/Sprits/Menu Buttons/Square Buttons/Square Buttons/Back Square Button.png
  artifactKey: Guid(9556935bd0610624da418c93cb81ce5f) Importer(815301076,1909f56bfc062723c751e8b465ee728b)
Start importing Assets/Main/Sprits/Menu Buttons/Square Buttons/Square Buttons/Back Square Button.png using Guid(9556935bd0610624da418c93cb81ce5f) Importer(815301076,1909f56bfc062723c751e8b465ee728b)  -> (artifact id: 'e2fd34dc4612fd04fefb88db24bb5d87') in 0.027679 seconds 
========================================================================
Received Import Request.
  Time since last request: 0.000287 seconds.
  path: Assets/Main/Sprits/Menu Buttons/Square Buttons/Square Buttons/Down Square Button.png
  artifactKey: Guid(ae064ae80a4233f46bf88ab26635f0c6) Importer(815301076,1909f56bfc062723c751e8b465ee728b)
Start importing Assets/Main/Sprits/Menu Buttons/Square Buttons/Square Buttons/Down Square Button.png using Guid(ae064ae80a4233f46bf88ab26635f0c6) Importer(815301076,1909f56bfc062723c751e8b465ee728b)  -> (artifact id: 'aa1da20df82948182765cd36cb7353ca') in 0.029250 seconds 
========================================================================
Received Import Request.
  Time since last request: 0.000318 seconds.
  path: Assets/Main/Sprits/Menu Buttons/Square Buttons/Square Buttons/Up Square Button.png
  artifactKey: Guid(30c640c5d41207f4497c60f77d80e13e) Importer(815301076,1909f56bfc062723c751e8b465ee728b)
Start importing Assets/Main/Sprits/Menu Buttons/Square Buttons/Square Buttons/Up Square Button.png using Guid(30c640c5d41207f4497c60f77d80e13e) Importer(815301076,1909f56bfc062723c751e8b465ee728b)  -> (artifact id: 'e582754192f4afa759ead4a320c6584d') in 0.026668 seconds 
========================================================================
Received Import Request.
  Time since last request: 0.000344 seconds.
  path: Assets/Main/Sprits/Menu Buttons/Square Buttons/Square Buttons/X Square Button.png
  artifactKey: Guid(f54629ab6499fe64ba297aa2d68f43ef) Importer(815301076,1909f56bfc062723c751e8b465ee728b)
Start importing Assets/Main/Sprits/Menu Buttons/Square Buttons/Square Buttons/X Square Button.png using Guid(f54629ab6499fe64ba297aa2d68f43ef) Importer(815301076,1909f56bfc062723c751e8b465ee728b)  -> (artifact id: '925bb8b5b6818c725736ac4ff2837c4c') in 0.025918 seconds 
========================================================================
Received Import Request.
  Time since last request: 0.000330 seconds.
  path: Assets/Main/Sprits/Menu Buttons/Square Buttons/Square Buttons/Music Square Button.png
  artifactKey: Guid(07f20136d7e20cc458f787c816b0d69e) Importer(815301076,1909f56bfc062723c751e8b465ee728b)
Start importing Assets/Main/Sprits/Menu Buttons/Square Buttons/Square Buttons/Music Square Button.png using Guid(07f20136d7e20cc458f787c816b0d69e) Importer(815301076,1909f56bfc062723c751e8b465ee728b)  -> (artifact id: 'b7e6a8af51fabb61878c3cfc9ba7da0f') in 0.029913 seconds 
========================================================================
Received Import Request.
  Time since last request: 0.000529 seconds.
  path: Assets/Main/Sprits/Menu Buttons/Square Buttons/Square Buttons/Home Square Button.png
  artifactKey: Guid(95e7cb74af073764c865fab8a9e047cc) Importer(815301076,1909f56bfc062723c751e8b465ee728b)
Start importing Assets/Main/Sprits/Menu Buttons/Square Buttons/Square Buttons/Home Square Button.png using Guid(95e7cb74af073764c865fab8a9e047cc) Importer(815301076,1909f56bfc062723c751e8b465ee728b)  -> (artifact id: '13bfbeab8377f7672fade577a3b83151') in 0.034594 seconds 
========================================================================
Received Import Request.
  Time since last request: 0.000348 seconds.
  path: Assets/Main/Sprits/Menu Buttons/Square Buttons/Square Buttons/Questionmark Square Button.png
  artifactKey: Guid(2da6e3729b66f324884ea1048a822345) Importer(815301076,1909f56bfc062723c751e8b465ee728b)
Start importing Assets/Main/Sprits/Menu Buttons/Square Buttons/Square Buttons/Questionmark Square Button.png using Guid(2da6e3729b66f324884ea1048a822345) Importer(815301076,1909f56bfc062723c751e8b465ee728b)  -> (artifact id: 'f2fb804a94c3bdc0c20d2054f4401719') in 0.042185 seconds 
========================================================================
Received Import Request.
  Time since last request: 0.000256 seconds.
  path: Assets/Main/Sprits/Menu Buttons/Square Buttons/Square Buttons/Next Square Button.png
  artifactKey: Guid(e8e7023545458bc419e086b51814a7a9) Importer(815301076,1909f56bfc062723c751e8b465ee728b)
Start importing Assets/Main/Sprits/Menu Buttons/Square Buttons/Square Buttons/Next Square Button.png using Guid(e8e7023545458bc419e086b51814a7a9) Importer(815301076,1909f56bfc062723c751e8b465ee728b)  -> (artifact id: 'd91f7cc5b41ed89086531cd4e8f64702') in 0.049961 seconds 
========================================================================
Received Import Request.
  Time since last request: 0.000270 seconds.
  path: Assets/Main/Sprits/Menu Buttons/Square Buttons/Square Buttons/Return Square Button.png
  artifactKey: Guid(3521afb6d4e6219408beb4ff38bec7aa) Importer(815301076,1909f56bfc062723c751e8b465ee728b)
Start importing Assets/Main/Sprits/Menu Buttons/Square Buttons/Square Buttons/Return Square Button.png using Guid(3521afb6d4e6219408beb4ff38bec7aa) Importer(815301076,1909f56bfc062723c751e8b465ee728b)  -> (artifact id: '4301f4058f0a3a2e7e7404b116f7c508') in 0.044678 seconds 
========================================================================
Received Import Request.
  Time since last request: 0.000336 seconds.
  path: Assets/Main/Sprits/Menu Buttons/Square Buttons/Square Buttons/On Off Square Button.png
  artifactKey: Guid(797dad6fa20541743926a6b3ba71188b) Importer(815301076,1909f56bfc062723c751e8b465ee728b)
Start importing Assets/Main/Sprits/Menu Buttons/Square Buttons/Square Buttons/On Off Square Button.png using Guid(797dad6fa20541743926a6b3ba71188b) Importer(815301076,1909f56bfc062723c751e8b465ee728b)  -> (artifact id: 'be9f5be14d2bd3ae6ccd5b3aca37ea36') in 0.037610 seconds 
========================================================================
Received Import Request.
  Time since last request: 171.239307 seconds.
  path: Assets/Main/Scenes/Main scene.unity
  artifactKey: Guid(00a18ad6bca19584c96089f8b8b35759) Importer(815301076,1909f56bfc062723c751e8b465ee728b)
Start importing Assets/Main/Scenes/Main scene.unity using Guid(00a18ad6bca19584c96089f8b8b35759) Importer(815301076,1909f56bfc062723c751e8b465ee728b)  -> (artifact id: '97a297a0a74b0ea9522ffa1372876f73') in 0.009163 seconds 
========================================================================
Received Import Request.
  Time since last request: 45.390801 seconds.
  path: Assets/Main/Scenes/Main scene.unity
  artifactKey: Guid(00a18ad6bca19584c96089f8b8b35759) Importer(815301076,1909f56bfc062723c751e8b465ee728b)
Start importing Assets/Main/Scenes/Main scene.unity using Guid(00a18ad6bca19584c96089f8b8b35759) Importer(815301076,1909f56bfc062723c751e8b465ee728b)  -> (artifact id: '44af6b188dd2e374eb67e6913a2a880b') in 0.003053 seconds 
========================================================================
Received Prepare
Registering precompiled user dll's ...
Registered in 0.004309 seconds.
Begin MonoManager ReloadAssembly
Native extension for WindowsStandalone target not found
Refreshing native plugins compatible for Editor in 2.13 ms, found 3 plugins.
Preloading 0 native plugins for Editor in 0.00 ms.
Mono: successfully reloaded assembly
- Completed reload, in  1.471 seconds
Domain Reload Profiling:
	ReloadAssembly (1471ms)
		BeginReloadAssembly (154ms)
			ExecutionOrderSort (0ms)
			DisableScriptedObjects (8ms)
			BackupInstance (0ms)
			ReleaseScriptingObjects (0ms)
			CreateAndSetChildDomain (49ms)
		EndReloadAssembly (1234ms)
			LoadAssemblies (140ms)
			RebuildTransferFunctionScriptingTraits (0ms)
			SetupTypeCache (423ms)
			ReleaseScriptCaches (1ms)
			RebuildScriptCaches (61ms)
			SetupLoadedEditorAssemblies (391ms)
				LogAssemblyErrors (0ms)
				InitializePlatformSupportModulesInManaged (5ms)
				SetLoadedEditorAssemblies (1ms)
				RefreshPlugins (2ms)
				BeforeProcessingInitializeOnLoad (86ms)
				ProcessInitializeOnLoadAttributes (270ms)
				ProcessInitializeOnLoadMethodAttributes (20ms)
				AfterProcessingInitializeOnLoad (6ms)
				EditorAssembliesLoaded (0ms)
			ExecutionOrderSort2 (0ms)
			AwakeInstancesAfterBackupRestoration (5ms)
Platform modules already initialized, skipping
Switching build target platform(19) subTarget(0) extendedPlatform(0) -> platform(13) subTarget(589824) extendedPlatform(0)
Refreshing native plugins compatible for Editor in 0.81 ms, found 3 plugins.
Preloading 0 native plugins for Editor in 0.00 ms.
Unloading 3074 Unused Serialized files (Serialized files now loaded: 0)
System memory in use before: 127.4 MB.
System memory in use after: 127.6 MB.

Unloading 27 unused Assets to reduce memory usage. Loaded Objects now: 3609.
Total: 3.363700 ms (FindLiveObjects: 0.253000 ms CreateObjectMapping: 0.173500 ms MarkObjects: 2.912400 ms  DeleteObjects: 0.024000 ms)

AssetImportParameters requested are different than current active one (requested -> active):
  custom:framework-win-MediaFoundation: 216162199b28c13a410421893ffa2e32 -> 
  custom:video-decoder-ogg-theora: a1e56fd34408186e4bbccfd4996cb3dc -> 
  custom:container-muxer-webm: aa71ff27fc2769a1b78a27578f13a17b -> 
  custom:container-demuxer-webm: 4f35f7cbe854078d1ac9338744f61a02 -> 
  custom:container-demuxer-ogg: 62fdf1f143b41e24485cea50d1cbac27 -> 
  custom:video-encoder-webm-vp8: eb34c28f22e8b96e1ab97ce403110664 -> 
  custom:video-decoder-webm-vp8: 9c59270c3fd7afecdb556c50c9e8de78 -> 
  custom:graphics/normal-map-encoding: 01000000000000000000000000000000 -> 02000000000000000000000000000000
  custom:audio-decoder-ogg-vorbis: bf7c407c2cedff20999df2af8eb42d56 -> 
  custom:audio-encoder-webm-vorbis: bf7c407c2cedff20999df2af8eb42d56 -> 
========================================================================
Received Import Request.
  Time since last request: 108.966533 seconds.
  path: Assets/Main/Scenes/Main scene.unity
  artifactKey: Guid(00a18ad6bca19584c96089f8b8b35759) Importer(815301076,1909f56bfc062723c751e8b465ee728b)
Start importing Assets/Main/Scenes/Main scene.unity using Guid(00a18ad6bca19584c96089f8b8b35759) Importer(815301076,1909f56bfc062723c751e8b465ee728b)  -> (artifact id: '62ac1dcb449f912564c724a3b6bb9b62') in 0.007300 seconds 
========================================================================
Received Import Request.
  Time since last request: 75.942737 seconds.
  path: Assets/Main/Scenes/Settings.unity
  artifactKey: Guid(58a16e6c9ece168498c7fd65ec9a4fbb) Importer(815301076,1909f56bfc062723c751e8b465ee728b)
Start importing Assets/Main/Scenes/Settings.unity using Guid(58a16e6c9ece168498c7fd65ec9a4fbb) Importer(815301076,1909f56bfc062723c751e8b465ee728b)  -> (artifact id: 'd92e8e3d51f5d27336de9e30532b4d8d') in 0.007362 seconds 
========================================================================
Received Import Request.
  Time since last request: 128.077391 seconds.
  path: Assets/Main/Scenes/Settings.unity
  artifactKey: Guid(58a16e6c9ece168498c7fd65ec9a4fbb) Importer(815301076,1909f56bfc062723c751e8b465ee728b)
Start importing Assets/Main/Scenes/Settings.unity using Guid(58a16e6c9ece168498c7fd65ec9a4fbb) Importer(815301076,1909f56bfc062723c751e8b465ee728b)  -> (artifact id: '11c399af80445d37af7019c1a0440ee1') in 0.001940 seconds 
========================================================================
Received Prepare
Registering precompiled user dll's ...
Registered in 0.004368 seconds.
Begin MonoManager ReloadAssembly
Native extension for WindowsStandalone target not found
Refreshing native plugins compatible for Editor in 0.96 ms, found 3 plugins.
Preloading 0 native plugins for Editor in 0.00 ms.
Mono: successfully reloaded assembly
- Completed reload, in  1.182 seconds
Domain Reload Profiling:
	ReloadAssembly (1183ms)
		BeginReloadAssembly (127ms)
			ExecutionOrderSort (0ms)
			DisableScriptedObjects (6ms)
			BackupInstance (0ms)
			ReleaseScriptingObjects (0ms)
			CreateAndSetChildDomain (41ms)
		EndReloadAssembly (991ms)
			LoadAssemblies (108ms)
			RebuildTransferFunctionScriptingTraits (0ms)
			SetupTypeCache (339ms)
			ReleaseScriptCaches (1ms)
			RebuildScriptCaches (52ms)
			SetupLoadedEditorAssemblies (313ms)
				LogAssemblyErrors (0ms)
				InitializePlatformSupportModulesInManaged (4ms)
				SetLoadedEditorAssemblies (1ms)
				RefreshPlugins (1ms)
				BeforeProcessingInitializeOnLoad (66ms)
				ProcessInitializeOnLoadAttributes (213ms)
				ProcessInitializeOnLoadMethodAttributes (22ms)
				AfterProcessingInitializeOnLoad (6ms)
				EditorAssembliesLoaded (0ms)
			ExecutionOrderSort2 (0ms)
			AwakeInstancesAfterBackupRestoration (5ms)
Platform modules already initialized, skipping
Switching build target platform(19) subTarget(0) extendedPlatform(0) -> platform(13) subTarget(589824) extendedPlatform(0)
Refreshing native plugins compatible for Editor in 0.82 ms, found 3 plugins.
Preloading 0 native plugins for Editor in 0.00 ms.
Unloading 3074 Unused Serialized files (Serialized files now loaded: 0)
System memory in use before: 127.4 MB.
System memory in use after: 127.6 MB.

Unloading 27 unused Assets to reduce memory usage. Loaded Objects now: 3612.
Total: 3.313700 ms (FindLiveObjects: 0.315400 ms CreateObjectMapping: 0.156300 ms MarkObjects: 2.818200 ms  DeleteObjects: 0.023200 ms)

AssetImportParameters requested are different than current active one (requested -> active):
  custom:framework-win-MediaFoundation: 216162199b28c13a410421893ffa2e32 -> 
  custom:video-decoder-ogg-theora: a1e56fd34408186e4bbccfd4996cb3dc -> 
  custom:container-muxer-webm: aa71ff27fc2769a1b78a27578f13a17b -> 
  custom:container-demuxer-webm: 4f35f7cbe854078d1ac9338744f61a02 -> 
  custom:container-demuxer-ogg: 62fdf1f143b41e24485cea50d1cbac27 -> 
  custom:video-encoder-webm-vp8: eb34c28f22e8b96e1ab97ce403110664 -> 
  custom:video-decoder-webm-vp8: 9c59270c3fd7afecdb556c50c9e8de78 -> 
  custom:graphics/normal-map-encoding: 01000000000000000000000000000000 -> 02000000000000000000000000000000
  custom:audio-decoder-ogg-vorbis: bf7c407c2cedff20999df2af8eb42d56 -> 
  custom:audio-encoder-webm-vorbis: bf7c407c2cedff20999df2af8eb42d56 -> 
========================================================================
Received Import Request.
  Time since last request: 242.612406 seconds.
  path: Assets/Main/Scenes/test.unity
  artifactKey: Guid(4fc02eea122eb0d4ba454b9659a7aa90) Importer(815301076,1909f56bfc062723c751e8b465ee728b)
Start importing Assets/Main/Scenes/test.unity using Guid(4fc02eea122eb0d4ba454b9659a7aa90) Importer(815301076,1909f56bfc062723c751e8b465ee728b)  -> (artifact id: '84085f1fdc3e3296d101a84715ea5986') in 0.013947 seconds 
========================================================================
Received Import Request.
  Time since last request: 1.410114 seconds.
  path: Assets/Main/Scenes/Settings.unity
  artifactKey: Guid(58a16e6c9ece168498c7fd65ec9a4fbb) Importer(815301076,1909f56bfc062723c751e8b465ee728b)
Start importing Assets/Main/Scenes/Settings.unity using Guid(58a16e6c9ece168498c7fd65ec9a4fbb) Importer(815301076,1909f56bfc062723c751e8b465ee728b)  -> (artifact id: 'ee38e9552276938ede1cc24d77ccad70') in 0.002579 seconds 
========================================================================
Received Import Request.
  Time since last request: 1.279634 seconds.
  path: Assets/Main/Scenes/SampleScene.unity
  artifactKey: Guid(2cda990e2423bbf4892e6590ba056729) Importer(815301076,1909f56bfc062723c751e8b465ee728b)
Start importing Assets/Main/Scenes/SampleScene.unity using Guid(2cda990e2423bbf4892e6590ba056729) Importer(815301076,1909f56bfc062723c751e8b465ee728b)  -> (artifact id: '673740b7bceef9003997f7803fdf77b5') in 0.007609 seconds 
========================================================================
Received Import Request.
  Time since last request: 4.055314 seconds.
  path: Assets/Main/Scenes/Main menu.unity
  artifactKey: Guid(9b7a18804ea345f449dcb6545a7016d9) Importer(815301076,1909f56bfc062723c751e8b465ee728b)
Start importing Assets/Main/Scenes/Main menu.unity using Guid(9b7a18804ea345f449dcb6545a7016d9) Importer(815301076,1909f56bfc062723c751e8b465ee728b)  -> (artifact id: '301ce689209c404a84dc5837b9da0316') in 0.006962 seconds 
========================================================================
Received Prepare
Registering precompiled user dll's ...
Registered in 0.004157 seconds.
Begin MonoManager ReloadAssembly
Native extension for WindowsStandalone target not found
Refreshing native plugins compatible for Editor in 0.83 ms, found 3 plugins.
Preloading 0 native plugins for Editor in 0.00 ms.
Mono: successfully reloaded assembly
- Completed reload, in  1.301 seconds
Domain Reload Profiling:
	ReloadAssembly (1302ms)
		BeginReloadAssembly (140ms)
			ExecutionOrderSort (0ms)
			DisableScriptedObjects (7ms)
			BackupInstance (0ms)
			ReleaseScriptingObjects (0ms)
			CreateAndSetChildDomain (44ms)
		EndReloadAssembly (1089ms)
			LoadAssemblies (112ms)
			RebuildTransferFunctionScriptingTraits (0ms)
			SetupTypeCache (347ms)
			ReleaseScriptCaches (1ms)
			RebuildScriptCaches (52ms)
			SetupLoadedEditorAssemblies (336ms)
				LogAssemblyErrors (0ms)
				InitializePlatformSupportModulesInManaged (4ms)
				SetLoadedEditorAssemblies (0ms)
				RefreshPlugins (1ms)
				BeforeProcessingInitializeOnLoad (64ms)
				ProcessInitializeOnLoadAttributes (237ms)
				ProcessInitializeOnLoadMethodAttributes (24ms)
				AfterProcessingInitializeOnLoad (6ms)
				EditorAssembliesLoaded (0ms)
			ExecutionOrderSort2 (0ms)
			AwakeInstancesAfterBackupRestoration (5ms)
Platform modules already initialized, skipping
Switching build target platform(19) subTarget(0) extendedPlatform(0) -> platform(13) subTarget(589824) extendedPlatform(0)
Refreshing native plugins compatible for Editor in 1.36 ms, found 3 plugins.
Preloading 0 native plugins for Editor in 0.00 ms.
Unloading 3074 Unused Serialized files (Serialized files now loaded: 0)
System memory in use before: 127.4 MB.
System memory in use after: 127.6 MB.

Unloading 27 unused Assets to reduce memory usage. Loaded Objects now: 3615.
Total: 4.430600 ms (FindLiveObjects: 0.347400 ms CreateObjectMapping: 0.203800 ms MarkObjects: 3.840500 ms  DeleteObjects: 0.037900 ms)

AssetImportParameters requested are different than current active one (requested -> active):
  custom:framework-win-MediaFoundation: 216162199b28c13a410421893ffa2e32 -> 
  custom:video-decoder-ogg-theora: a1e56fd34408186e4bbccfd4996cb3dc -> 
  custom:container-muxer-webm: aa71ff27fc2769a1b78a27578f13a17b -> 
  custom:container-demuxer-webm: 4f35f7cbe854078d1ac9338744f61a02 -> 
  custom:container-demuxer-ogg: 62fdf1f143b41e24485cea50d1cbac27 -> 
  custom:video-encoder-webm-vp8: eb34c28f22e8b96e1ab97ce403110664 -> 
  custom:video-decoder-webm-vp8: 9c59270c3fd7afecdb556c50c9e8de78 -> 
  custom:graphics/normal-map-encoding: 01000000000000000000000000000000 -> 02000000000000000000000000000000
  custom:audio-decoder-ogg-vorbis: bf7c407c2cedff20999df2af8eb42d56 -> 
  custom:audio-encoder-webm-vorbis: bf7c407c2cedff20999df2af8eb42d56 -> 
========================================================================
Received Prepare
Refreshing native plugins compatible for Editor in 15.20 ms, found 3 plugins.
Preloading 0 native plugins for Editor in 0.00 ms.
Unloading 25 Unused Serialized files (Serialized files now loaded: 0)
System memory in use before: 67.0 MB.
System memory in use after: 67.2 MB.

Unloading 25 unused Assets to reduce memory usage. Loaded Objects now: 3615.
Total: 4.211000 ms (FindLiveObjects: 0.319300 ms CreateObjectMapping: 0.241300 ms MarkObjects: 3.616600 ms  DeleteObjects: 0.032800 ms)

AssetImportParameters requested are different than current active one (requested -> active):
  custom:framework-win-MediaFoundation: 216162199b28c13a410421893ffa2e32 -> 
  custom:video-decoder-ogg-theora: a1e56fd34408186e4bbccfd4996cb3dc -> 
  custom:container-muxer-webm: aa71ff27fc2769a1b78a27578f13a17b -> 
  custom:container-demuxer-webm: 4f35f7cbe854078d1ac9338744f61a02 -> 
  custom:container-demuxer-ogg: 62fdf1f143b41e24485cea50d1cbac27 -> 
  custom:video-encoder-webm-vp8: eb34c28f22e8b96e1ab97ce403110664 -> 
  custom:video-decoder-webm-vp8: 9c59270c3fd7afecdb556c50c9e8de78 -> 
  custom:audio-decoder-ogg-vorbis: bf7c407c2cedff20999df2af8eb42d56 -> 
  custom:audio-encoder-webm-vorbis: bf7c407c2cedff20999df2af8eb42d56 -> 
AssetImportWorkerClient::OnTransportError - code=2 error=End of file
